Copyright 1986-2019 Xilinx, Inc. All Rights Reserved.
------------------------------------------------------------------------------------
| Tool Version : Vivado v.2019.1 (win64) Build 2552052 Fri May 24 14:49:42 MDT 2019
| Date         : Wed Apr 27 12:20:31 2022
| Host         : LAPTOP-63J97F6G running 64-bit major release  (build 9200)
| Command      : report_timing_summary -file ./report/top_module_timing_routed.rpt
| Design       : bd_0_wrapper
| Device       : 7a35t-cpg236
| Speed File   : -1  PRODUCTION 1.23 2018-06-13
------------------------------------------------------------------------------------

Timing Summary Report

------------------------------------------------------------------------------------------------
| Timer Settings
| --------------
------------------------------------------------------------------------------------------------

  Enable Multi Corner Analysis               :  Yes
  Enable Pessimism Removal                   :  Yes
  Pessimism Removal Resolution               :  Nearest Common Node
  Enable Input Delay Default Clock           :  No
  Enable Preset / Clear Arcs                 :  No
  Disable Flight Delays                      :  No
  Ignore I/O Paths                           :  No
  Timing Early Launch at Borrowing Latches   :  No
  Borrow Time for Max Delay Exceptions       :  Yes

  Corner  Analyze    Analyze    
  Name    Max Paths  Min Paths  
  ------  ---------  ---------  
  Slow    Yes        Yes        
  Fast    Yes        Yes        



check_timing report

Table of Contents
-----------------
1. checking no_clock
2. checking constant_clock
3. checking pulse_width_clock
4. checking unconstrained_internal_endpoints
5. checking no_input_delay
6. checking no_output_delay
7. checking multiple_clock
8. checking generated_clocks
9. checking loops
10. checking partial_input_delay
11. checking partial_output_delay
12. checking latch_loops

1. checking no_clock
--------------------
 There are 0 register/latch pins with no clock.


2. checking constant_clock
--------------------------
 There are 0 register/latch pins with constant_clock.


3. checking pulse_width_clock
-----------------------------
 There are 0 register/latch pins which need pulse_width check


4. checking unconstrained_internal_endpoints
--------------------------------------------
 There are 0 pins that are not constrained for maximum delay.

 There are 0 pins that are not constrained for maximum delay due to constant clock.


5. checking no_input_delay
--------------------------
 There are 45 input ports with no input delay specified. (HIGH)

 There are 0 input ports with no input delay but user has a false path constraint.


6. checking no_output_delay
---------------------------
 There are 48 ports with no output delay specified. (HIGH)

 There are 0 ports with no output delay but user has a false path constraint

 There are 0 ports with no output delay but with a timing clock defined on it or propagating through it


7. checking multiple_clock
--------------------------
 There are 0 register/latch pins with multiple clocks.


8. checking generated_clocks
----------------------------
 There are 0 generated clocks that are not connected to a clock source.


9. checking loops
-----------------
 There are 0 combinational loops in the design.


10. checking partial_input_delay
--------------------------------
 There are 0 input ports with partial input delay specified.


11. checking partial_output_delay
---------------------------------
 There are 0 ports with partial output delay specified.


12. checking latch_loops
------------------------
 There are 0 combinational latch loops in the design through latch input



------------------------------------------------------------------------------------------------
| Design Timing Summary
| ---------------------
------------------------------------------------------------------------------------------------

    WNS(ns)      TNS(ns)  TNS Failing Endpoints  TNS Total Endpoints      WHS(ns)      THS(ns)  THS Failing Endpoints  THS Total Endpoints     WPWS(ns)     TPWS(ns)  TPWS Failing Endpoints  TPWS Total Endpoints  
    -------      -------  ---------------------  -------------------      -------      -------  ---------------------  -------------------     --------     --------  ----------------------  --------------------  
      3.739        0.000                      0                  882        0.096        0.000                      0                  882        4.500        0.000                       0                   519  


All user specified timing constraints are met.


------------------------------------------------------------------------------------------------
| Clock Summary
| -------------
------------------------------------------------------------------------------------------------

Clock   Waveform(ns)       Period(ns)      Frequency(MHz)
-----   ------------       ----------      --------------
ap_clk  {0.000 5.000}      10.000          100.000         


------------------------------------------------------------------------------------------------
| Intra Clock Table
| -----------------
------------------------------------------------------------------------------------------------

Clock             WNS(ns)      TNS(ns)  TNS Failing Endpoints  TNS Total Endpoints      WHS(ns)      THS(ns)  THS Failing Endpoints  THS Total Endpoints     WPWS(ns)     TPWS(ns)  TPWS Failing Endpoints  TPWS Total Endpoints  
-----             -------      -------  ---------------------  -------------------      -------      -------  ---------------------  -------------------     --------     --------  ----------------------  --------------------  
ap_clk              3.739        0.000                      0                  882        0.096        0.000                      0                  882        4.500        0.000                       0                   519  


------------------------------------------------------------------------------------------------
| Inter Clock Table
| -----------------
------------------------------------------------------------------------------------------------

From Clock    To Clock          WNS(ns)      TNS(ns)  TNS Failing Endpoints  TNS Total Endpoints      WHS(ns)      THS(ns)  THS Failing Endpoints  THS Total Endpoints  
----------    --------          -------      -------  ---------------------  -------------------      -------      -------  ---------------------  -------------------  


------------------------------------------------------------------------------------------------
| Other Path Groups Table
| -----------------------
------------------------------------------------------------------------------------------------

Path Group    From Clock    To Clock          WNS(ns)      TNS(ns)  TNS Failing Endpoints  TNS Total Endpoints      WHS(ns)      THS(ns)  THS Failing Endpoints  THS Total Endpoints  
----------    ----------    --------          -------      -------  ---------------------  -------------------      -------      -------  ---------------------  -------------------  


------------------------------------------------------------------------------------------------
| Timing Details
| --------------
------------------------------------------------------------------------------------------------


---------------------------------------------------------------------------------------------------
From Clock:  ap_clk
  To Clock:  ap_clk

Setup :            0  Failing Endpoints,  Worst Slack        3.739ns,  Total Violation        0.000ns
Hold  :            0  Failing Endpoints,  Worst Slack        0.096ns,  Total Violation        0.000ns
PW    :            0  Failing Endpoints,  Worst Slack        4.500ns,  Total Violation        0.000ns
---------------------------------------------------------------------------------------------------


Max Delay Paths
--------------------------------------------------------------------------------------
Slack (MET) :             3.739ns  (required time - arrival time)
  Source:                 bd_0_i/hls_inst/inst/top_module_fmul_3bkb_U1/top_module_ap_fmul_2_max_dsp_32_u/U0/i_synth/MULT.OP/i_non_prim.MULT/DSP48E1_SPD_SGL_VARIANT.FIX_MULT/DSP2/DSP/CLK
                            (rising edge-triggered cell DSP48E1 clocked by ap_clk  {rise@0.000ns fall@5.000ns period=10.000ns})
  Destination:            bd_0_i/hls_inst/inst/top_module_fmul_3bkb_U1/top_module_ap_fmul_2_max_dsp_32_u/U0/i_synth/MULT.OP/i_non_prim.OP/RESULT_REG.NORMAL.exp_op_reg[0]/R
                            (rising edge-triggered cell FDRE clocked by ap_clk  {rise@0.000ns fall@5.000ns period=10.000ns})
  Path Group:             ap_clk
  Path Type:              Setup (Max at Slow Process Corner)
  Requirement:            10.000ns  (ap_clk rise@10.000ns - ap_clk rise@0.000ns)
  Data Path Delay:        5.748ns  (logic 2.553ns (44.419%)  route 3.195ns (55.581%))
  Logic Levels:           2  (LUT5=1 LUT6=1)
  Clock Path Skew:        -0.049ns (DCD - SCD + CPR)
    Destination Clock Delay (DCD):    0.924ns = ( 10.924 - 10.000 ) 
    Source Clock Delay      (SCD):    0.973ns
    Clock Pessimism Removal (CPR):    0.000ns
  Clock Uncertainty:      0.035ns  ((TSJ^2 + TIJ^2)^1/2 + DJ) / 2 + PE
    Total System Jitter     (TSJ):    0.071ns
    Total Input Jitter      (TIJ):    0.000ns
    Discrete Jitter          (DJ):    0.000ns
    Phase Error              (PE):    0.000ns

    Location             Delay type                Incr(ns)  Path(ns)    Netlist Resource(s)
  -------------------------------------------------------------------    -------------------
                         (clock ap_clk rise edge)     0.000     0.000 r  
                                                      0.000     0.000 r  ap_clk (IN)
                         net (fo=520, unset)          0.973     0.973    bd_0_i/hls_inst/inst/top_module_fmul_3bkb_U1/top_module_ap_fmul_2_max_dsp_32_u/U0/i_synth/MULT.OP/i_non_prim.MULT/DSP48E1_SPD_SGL_VARIANT.FIX_MULT/DSP2/aclk
    DSP48_X0Y23          DSP48E1                                      r  bd_0_i/hls_inst/inst/top_module_fmul_3bkb_U1/top_module_ap_fmul_2_max_dsp_32_u/U0/i_synth/MULT.OP/i_non_prim.MULT/DSP48E1_SPD_SGL_VARIANT.FIX_MULT/DSP2/DSP/CLK
  -------------------------------------------------------------------    -------------------
    DSP48_X0Y23          DSP48E1 (Prop_dsp48e1_CLK_P[30])
                                                      2.305     3.278 r  bd_0_i/hls_inst/inst/top_module_fmul_3bkb_U1/top_module_ap_fmul_2_max_dsp_32_u/U0/i_synth/MULT.OP/i_non_prim.MULT/DSP48E1_SPD_SGL_VARIANT.FIX_MULT/DSP2/DSP/P[30]
                         net (fo=32, routed)          1.889     5.167    bd_0_i/hls_inst/inst/top_module_fmul_3bkb_U1/top_module_ap_fmul_2_max_dsp_32_u/U0/i_synth/MULT.OP/i_non_prim.EXP/SIG_DELAY/i_pipe/RESULT[0]
    SLICE_X9Y65          LUT6 (Prop_lut6_I4_O)        0.124     5.291 r  bd_0_i/hls_inst/inst/top_module_fmul_3bkb_U1/top_module_ap_fmul_2_max_dsp_32_u/U0/i_synth/MULT.OP/i_non_prim.EXP/SIG_DELAY/i_pipe/RESULT_REG.NORMAL.exp_op[7]_i_4/O
                         net (fo=1, routed)           0.808     6.099    bd_0_i/hls_inst/inst/top_module_fmul_3bkb_U1/top_module_ap_fmul_2_max_dsp_32_u/U0/i_synth/MULT.OP/i_non_prim.EXP/STATE_DELAY/i_pipe/RESULT_REG.NORMAL.exp_op_reg[1]
    SLICE_X9Y64          LUT5 (Prop_lut5_I1_O)        0.124     6.223 r  bd_0_i/hls_inst/inst/top_module_fmul_3bkb_U1/top_module_ap_fmul_2_max_dsp_32_u/U0/i_synth/MULT.OP/i_non_prim.EXP/STATE_DELAY/i_pipe/RESULT_REG.NORMAL.exp_op[7]_i_1/O
                         net (fo=8, routed)           0.498     6.721    bd_0_i/hls_inst/inst/top_module_fmul_3bkb_U1/top_module_ap_fmul_2_max_dsp_32_u/U0/i_synth/MULT.OP/i_non_prim.OP/state_op[0]
    SLICE_X11Y63         FDRE                                         r  bd_0_i/hls_inst/inst/top_module_fmul_3bkb_U1/top_module_ap_fmul_2_max_dsp_32_u/U0/i_synth/MULT.OP/i_non_prim.OP/RESULT_REG.NORMAL.exp_op_reg[0]/R
  -------------------------------------------------------------------    -------------------

                         (clock ap_clk rise edge)    10.000    10.000 r  
                                                      0.000    10.000 r  ap_clk (IN)
                         net (fo=520, unset)          0.924    10.924    bd_0_i/hls_inst/inst/top_module_fmul_3bkb_U1/top_module_ap_fmul_2_max_dsp_32_u/U0/i_synth/MULT.OP/i_non_prim.OP/aclk
    SLICE_X11Y63         FDRE                                         r  bd_0_i/hls_inst/inst/top_module_fmul_3bkb_U1/top_module_ap_fmul_2_max_dsp_32_u/U0/i_synth/MULT.OP/i_non_prim.OP/RESULT_REG.NORMAL.exp_op_reg[0]/C
                         clock pessimism              0.000    10.924    
                         clock uncertainty           -0.035    10.889    
    SLICE_X11Y63         FDRE (Setup_fdre_C_R)       -0.429    10.460    bd_0_i/hls_inst/inst/top_module_fmul_3bkb_U1/top_module_ap_fmul_2_max_dsp_32_u/U0/i_synth/MULT.OP/i_non_prim.OP/RESULT_REG.NORMAL.exp_op_reg[0]
  -------------------------------------------------------------------
                         required time                         10.460    
                         arrival time                          -6.721    
  -------------------------------------------------------------------
                         slack                                  3.739    





Min Delay Paths
--------------------------------------------------------------------------------------
Slack (MET) :             0.096ns  (arrival time - required time)
  Source:                 bd_0_i/hls_inst/inst/top_module_sitofpcud_U2/top_module_ap_sitofp_4_no_dsp_32_u/U0/i_synth/FIX_TO_FLT_OP.SPD.OP/OP/RESULT_REG.NORMAL.exp_op_reg[2]/C
                            (rising edge-triggered cell FDRE clocked by ap_clk  {rise@0.000ns fall@5.000ns period=10.000ns})
  Destination:            bd_0_i/hls_inst/inst/tmp_reg_626_reg[25]/D
                            (rising edge-triggered cell FDRE clocked by ap_clk  {rise@0.000ns fall@5.000ns period=10.000ns})
  Path Group:             ap_clk
  Path Type:              Hold (Min at Fast Process Corner)
  Requirement:            0.000ns  (ap_clk rise@0.000ns - ap_clk rise@0.000ns)
  Data Path Delay:        0.193ns  (logic 0.141ns (73.018%)  route 0.052ns (26.982%))
  Logic Levels:           0  
  Clock Path Skew:        0.022ns (DCD - SCD - CPR)
    Destination Clock Delay (DCD):    0.432ns
    Source Clock Delay      (SCD):    0.410ns
    Clock Pessimism Removal (CPR):    -0.000ns

    Location             Delay type                Incr(ns)  Path(ns)    Netlist Resource(s)
  -------------------------------------------------------------------    -------------------
                         (clock ap_clk rise edge)     0.000     0.000 r  
                                                      0.000     0.000 r  ap_clk (IN)
                         net (fo=520, unset)          0.410     0.410    bd_0_i/hls_inst/inst/top_module_sitofpcud_U2/top_module_ap_sitofp_4_no_dsp_32_u/U0/i_synth/FIX_TO_FLT_OP.SPD.OP/OP/aclk
    SLICE_X9Y62          FDRE                                         r  bd_0_i/hls_inst/inst/top_module_sitofpcud_U2/top_module_ap_sitofp_4_no_dsp_32_u/U0/i_synth/FIX_TO_FLT_OP.SPD.OP/OP/RESULT_REG.NORMAL.exp_op_reg[2]/C
  -------------------------------------------------------------------    -------------------
    SLICE_X9Y62          FDRE (Prop_fdre_C_Q)         0.141     0.551 r  bd_0_i/hls_inst/inst/top_module_sitofpcud_U2/top_module_ap_sitofp_4_no_dsp_32_u/U0/i_synth/FIX_TO_FLT_OP.SPD.OP/OP/RESULT_REG.NORMAL.exp_op_reg[2]/Q
                         net (fo=1, routed)           0.052     0.603    bd_0_i/hls_inst/inst/r_tdata_0[25]
    SLICE_X8Y62          FDRE                                         r  bd_0_i/hls_inst/inst/tmp_reg_626_reg[25]/D
  -------------------------------------------------------------------    -------------------

                         (clock ap_clk rise edge)     0.000     0.000 r  
                                                      0.000     0.000 r  ap_clk (IN)
                         net (fo=520, unset)          0.432     0.432    bd_0_i/hls_inst/inst/ap_clk
    SLICE_X8Y62          FDRE                                         r  bd_0_i/hls_inst/inst/tmp_reg_626_reg[25]/C
                         clock pessimism              0.000     0.432    
    SLICE_X8Y62          FDRE (Hold_fdre_C_D)         0.076     0.508    bd_0_i/hls_inst/inst/tmp_reg_626_reg[25]
  -------------------------------------------------------------------
                         required time                         -0.508    
                         arrival time                           0.603    
  -------------------------------------------------------------------
                         slack                                  0.096    





Pulse Width Checks
--------------------------------------------------------------------------------------
Clock Name:         ap_clk
Waveform(ns):       { 0.000 5.000 }
Period(ns):         10.000
Sources:            { ap_clk }

Check Type        Corner  Lib Pin      Reference Pin  Required(ns)  Actual(ns)  Slack(ns)  Location      Pin
Min Period        n/a     DSP48E1/CLK  n/a            3.884         10.000      6.116      DSP48_X0Y25   bd_0_i/hls_inst/inst/top_module_mac_mudEe_U3/top_module_mac_mudEe_DSP48_0_U/p/CLK
Low Pulse Width   Fast    FDRE/C       n/a            0.500         5.000       4.500      SLICE_X15Y64  bd_0_i/hls_inst/inst/add_ln215_reg_568_reg[0]/C
High Pulse Width  Slow    FDRE/C       n/a            0.500         5.000       4.500      SLICE_X15Y64  bd_0_i/hls_inst/inst/add_ln215_reg_568_reg[0]/C



