#-----------------------------------------------------------
# Vivado v2019.1 (64-bit)
# SW Build 2552052 on Fri May 24 14:49:42 MDT 2019
# IP Build 2548770 on Fri May 24 18:01:18 MDT 2019
# Start of session at: Wed Apr 27 12:11:12 2022
# Process ID: 21960
# Current directory: H:/SEM8/RE-MR/integerize_convolution/solution2/impl/ip
# Command line: vivado.exe -notrace -mode batch -source run_ippack.tcl
# Log file: H:/SEM8/RE-MR/integerize_convolution/solution2/impl/ip/vivado.log
# Journal file: H:/SEM8/RE-MR/integerize_convolution/solution2/impl/ip\vivado.jou
#-----------------------------------------------------------
source run_ippack.tcl -notrace
INFO: [IP_Flow 19-234] Refreshing IP repositories
INFO: [IP_Flow 19-1704] No user IP repositories specified
INFO: [IP_Flow 19-2313] Loaded Vivado IP repository 'F:/Vivado/Vivado/2019.1/data/ip'.
WARNING: [IP_Flow 19-4832] The IP name 'top_module_ap_fmul_2_max_dsp_32' you have specified is long. The Windows operating system has path length limitations. It is recommended you use shorter names to reduce the likelihood of issues.
create_ip: Time (s): cpu = 00:00:11 ; elapsed = 00:00:14 . Memory (MB): peak = 304.973 ; gain = 10.082
INFO: [IP_Flow 19-1686] Generating 'Synthesis' target for IP 'top_module_ap_fmul_2_max_dsp_32'...
INFO: [IP_Flow 19-1686] Generating 'Simulation' target for IP 'top_module_ap_fmul_2_max_dsp_32'...
WARNING: [IP_Flow 19-4832] The IP name 'top_module_ap_sitofp_4_no_dsp_32' you have specified is long. The Windows operating system has path length limitations. It is recommended you use shorter names to reduce the likelihood of issues.
create_ip: Time (s): cpu = 00:00:07 ; elapsed = 00:00:08 . Memory (MB): peak = 315.129 ; gain = 1.988
INFO: [IP_Flow 19-1686] Generating 'Synthesis' target for IP 'top_module_ap_sitofp_4_no_dsp_32'...
INFO: [IP_Flow 19-1686] Generating 'Simulation' target for IP 'top_module_ap_sitofp_4_no_dsp_32'...
INFO: [IP_Flow 19-234] Refreshing IP repositories
INFO: [IP_Flow 19-1704] No user IP repositories specified
INFO: [IP_Flow 19-2313] Loaded Vivado IP repository 'F:/Vivado/Vivado/2019.1/data/ip'.
INFO: [Common 17-206] Exiting Vivado at Wed Apr 27 12:11:50 2022...
